<?xml version="1.0" encoding="UTF-8" standalone="no"?>
<!DOCTYPE log SYSTEM "logger.dtd">
<log>
</log>
<?xml version="1.0" encoding="UTF-8" standalone="no"?>
<!DOCTYPE log SYSTEM "logger.dtd">
<log>
</log>
<?xml version="1.0" encoding="UTF-8" standalone="no"?>
<!DOCTYPE log SYSTEM "logger.dtd">
<log>
</log>
<?xml version="1.0" encoding="UTF-8" standalone="no"?>
<!DOCTYPE log SYSTEM "logger.dtd">
<log>
</log>
<?xml version="1.0" encoding="UTF-8" standalone="no"?>
<!DOCTYPE log SYSTEM "logger.dtd">
<log>
<record>
  <date>2016-12-10T02:59:12</date>
  <millis>1481335152569</millis>
  <sequence>2</sequence>
  <logger>es.usc.rai.coego.martin.demiurgo.universe.World.mundo1</logger>
  <level>INFO</level>
  <class>es.usc.rai.coego.martin.demiurgo.webservice.WebService</class>
  <method>executeCode</method>
  <thread>17</thread>
  <message>! "ola ola ola"
###Execution complete###</message>
</record>
</log>
<?xml version="1.0" encoding="UTF-8" standalone="no"?>
<!DOCTYPE log SYSTEM "logger.dtd">
<log>
</log>
<?xml version="1.0" encoding="UTF-8" standalone="no"?>
<!DOCTYPE log SYSTEM "logger.dtd">
<log>
</log>
<?xml version="1.0" encoding="UTF-8" standalone="no"?>
<!DOCTYPE log SYSTEM "logger.dtd">
<log>
</log>
<?xml version="1.0" encoding="UTF-8" standalone="no"?>
<!DOCTYPE log SYSTEM "logger.dtd">
<log>
</log>
<?xml version="1.0" encoding="UTF-8" standalone="no"?>
<!DOCTYPE log SYSTEM "logger.dtd">
<log>
</log>
<?xml version="1.0" encoding="UTF-8" standalone="no"?>
<!DOCTYPE log SYSTEM "logger.dtd">
<log>
</log>
<?xml version="1.0" encoding="UTF-8" standalone="no"?>
<!DOCTYPE log SYSTEM "logger.dtd">
<log>
</log>
<?xml version="1.0" encoding="UTF-8" standalone="no"?>
<!DOCTYPE log SYSTEM "logger.dtd">
<log>
</log>
<?xml version="1.0" encoding="UTF-8" standalone="no"?>
<!DOCTYPE log SYSTEM "logger.dtd">
<log>
</log>
<?xml version="1.0" encoding="UTF-8" standalone="no"?>
<!DOCTYPE log SYSTEM "logger.dtd">
<log>
<record>
  <date>2016-12-10T20:16:08</date>
  <millis>1481397368018</millis>
  <sequence>2</sequence>
  <logger>es.usc.rai.coego.martin.demiurgo.universe.World.mundo1</logger>
  <level>INFO</level>
  <class>es.usc.rai.coego.martin.demiurgo.webservice.WebService</class>
  <method>executeCode</method>
  <thread>23</thread>
  <message>! "facendo unha nova proba"
###Execution complete###</message>
</record>
<record>
  <date>2016-12-10T23:05:50</date>
  <millis>1481407550439</millis>
  <sequence>3</sequence>
  <logger>es.usc.rai.coego.martin.demiurgo.universe.World.mundo1</logger>
  <level>INFO</level>
  <class>es.usc.rai.coego.martin.demiurgo.webservice.WebService</class>
  <method>executeCode</method>
  <thread>21</thread>
  <message>$user2 -&gt; #1
###Execution complete###</message>
</record>
</log>
<?xml version="1.0" encoding="UTF-8" standalone="no"?>
<!DOCTYPE log SYSTEM "logger.dtd">
<log>
</log>
<?xml version="1.0" encoding="UTF-8" standalone="no"?>
<!DOCTYPE log SYSTEM "logger.dtd">
<log>
</log>
<?xml version="1.0" encoding="UTF-8" standalone="no"?>
<!DOCTYPE log SYSTEM "logger.dtd">
<log>
</log>
<?xml version="1.0" encoding="UTF-8" standalone="no"?>
<!DOCTYPE log SYSTEM "logger.dtd">
<log>
</log>
<?xml version="1.0" encoding="UTF-8" standalone="no"?>
<!DOCTYPE log SYSTEM "logger.dtd">
<log>
</log>
<?xml version="1.0" encoding="UTF-8" standalone="no"?>
<!DOCTYPE log SYSTEM "logger.dtd">
<log>
</log>
<?xml version="1.0" encoding="UTF-8" standalone="no"?>
<!DOCTYPE log SYSTEM "logger.dtd">
<log>
</log>
<?xml version="1.0" encoding="UTF-8" standalone="no"?>
<!DOCTYPE log SYSTEM "logger.dtd">
<log>
</log>
<?xml version="1.0" encoding="UTF-8" standalone="no"?>
<!DOCTYPE log SYSTEM "logger.dtd">
<log>
</log>
<?xml version="1.0" encoding="UTF-8" standalone="no"?>
<!DOCTYPE log SYSTEM "logger.dtd">
<log>
</log>
<?xml version="1.0" encoding="UTF-8" standalone="no"?>
<!DOCTYPE log SYSTEM "logger.dtd">
<log>
</log>
<?xml version="1.0" encoding="UTF-8" standalone="no"?>
<!DOCTYPE log SYSTEM "logger.dtd">
<log>
</log>
<?xml version="1.0" encoding="UTF-8" standalone="no"?>
<!DOCTYPE log SYSTEM "logger.dtd">
<log>
</log>
<?xml version="1.0" encoding="UTF-8" standalone="no"?>
<!DOCTYPE log SYSTEM "logger.dtd">
<log>
</log>
<?xml version="1.0" encoding="UTF-8" standalone="no"?>
<!DOCTYPE log SYSTEM "logger.dtd">
<log>
</log>
<?xml version="1.0" encoding="UTF-8" standalone="no"?>
<!DOCTYPE log SYSTEM "logger.dtd">
<log>
<record>
  <date>2016-12-11T02:41:11</date>
  <millis>1481420471464</millis>
  <sequence>5</sequence>
  <logger>es.usc.rai.coego.martin.demiurgo.universe.World.mundo1</logger>
  <level>INFO</level>
  <class>es.usc.rai.coego.martin.demiurgo.webservice.WebService</class>
  <method>executeCode</method>
  <thread>17</thread>
  <message>User 2 proba o código.
###es.usc.rai.coego.martin.demiurgo.exceptions.UndeclaredVariableException: line 1:0: Variable 'user' undeclared###</message>
</record>
<record>
  <date>2016-12-11T02:42:36</date>
  <millis>1481420556811</millis>
  <sequence>6</sequence>
  <logger>es.usc.rai.coego.martin.demiurgo.universe.World.mundo1</logger>
  <level>INFO</level>
  <class>es.usc.rai.coego.martin.demiurgo.webservice.WebService</class>
  <method>executeCode</method>
  <thread>19</thread>
  <message>User 2 proba o código.
###es.usc.rai.coego.martin.demiurgo.exceptions.UndeclaredVariableException: line 1:0: Variable 'user' undeclared###</message>
</record>
<record>
  <date>2016-12-11T02:43:09</date>
  <millis>1481420589095</millis>
  <sequence>7</sequence>
  <logger>es.usc.rai.coego.martin.demiurgo.universe.World.mundo1</logger>
  <level>INFO</level>
  <class>es.usc.rai.coego.martin.demiurgo.webservice.WebService</class>
  <method>executeCode</method>
  <thread>22</thread>
  <message>! "User 2 proba o código."
if(d6&gt;3)
  ! "éxito"
else
  ! "fracaso"
###Execution complete###</message>
</record>
</log>
<?xml version="1.0" encoding="UTF-8" standalone="no"?>
<!DOCTYPE log SYSTEM "logger.dtd">
<log>
</log>
<?xml version="1.0" encoding="UTF-8" standalone="no"?>
<!DOCTYPE log SYSTEM "logger.dtd">
<log>
</log>
<?xml version="1.0" encoding="UTF-8" standalone="no"?>
<!DOCTYPE log SYSTEM "logger.dtd">
<log>
<record>
  <date>2016-12-11T04:43:01</date>
  <millis>1481427781630</millis>
  <sequence>5</sequence>
  <logger>es.usc.rai.coego.martin.demiurgo.universe.World.mundo1</logger>
  <level>INFO</level>
  <class>es.usc.rai.coego.martin.demiurgo.webservice.WebService</class>
  <method>executeCode</method>
  <thread>22</thread>
  <message>! "que?"
###Execution complete###</message>
</record>
</log>
<?xml version="1.0" encoding="UTF-8" standalone="no"?>
<!DOCTYPE log SYSTEM "logger.dtd">
<log>
</log>
<?xml version="1.0" encoding="UTF-8" standalone="no"?>
<!DOCTYPE log SYSTEM "logger.dtd">
<log>
<record>
  <date>2016-12-11T18:51:30</date>
  <millis>1481478690094</millis>
  <sequence>5</sequence>
  <logger>es.usc.rai.coego.martin.demiurgo.universe.World.mundo1</logger>
  <level>INFO</level>
  <class>es.usc.rai.coego.martin.demiurgo.webservice.WebService</class>
  <method>executeCode</method>
  <thread>22</thread>
  <message>
###Execution complete###</message>
</record>
</log>
<?xml version="1.0" encoding="UTF-8" standalone="no"?>
<!DOCTYPE log SYSTEM "logger.dtd">
<log>
</log>
<?xml version="1.0" encoding="UTF-8" standalone="no"?>
<!DOCTYPE log SYSTEM "logger.dtd">
<log>
</log>
<?xml version="1.0" encoding="UTF-8" standalone="no"?>
<!DOCTYPE log SYSTEM "logger.dtd">
<log>
</log>
